2025-07-17 20:18:40,408 - INFO - Program başlatıldı
2025-07-17 20:18:50,251 - INFO - İskonto raporu yüklendi: 709 satır
2025-07-17 20:18:50,260 - INFO - Header 0 test ediliyor
2025-07-17 20:18:50,269 - INFO - Header 1 test ediliyor
2025-07-17 20:18:50,278 - INFO - Header 2 test ediliyor
2025-07-17 20:18:50,278 - INFO - Header satırı 2 olarak belirlendi
2025-07-17 20:18:50,278 - INFO - Karlılık dosyası yüklendi: 89 satır
2025-07-17 20:18:50,280 - INFO - Veri temizleme tamamlandı
2025-07-17 20:18:50,291 - WARNING - Sayı dönüştürme hatası:  -> could not convert string to float: ''
2025-07-17 20:18:50,291 - WARNING - Sayı dönüştürme hatası:  -> could not convert string to float: ''
2025-07-17 20:18:50,292 - INFO - Birim Kar hesaplama tamamlandı
2025-07-17 20:18:50,292 - WARNING - Sayı dönüştürme hatası:  -> could not convert string to float: ''
2025-07-17 20:18:50,293 - INFO - Net Kar hesaplama tamamlandı
2025-07-17 20:18:50,293 - INFO - Eşleştirme tamamlandı: 0 eşleşen, 87 eşleşmeyen
2025-07-17 20:18:50,294 - INFO - Sıralama tamamlandı: Net Kar + Birim Kar
2025-07-17 20:18:54,016 - INFO - Sonuç dosyası kaydedildi: /home/ali/Desktop/BUPİLİÇ/2.xlsx
2025-07-17 20:19:20,586 - INFO - Bellek temizleme tamamlandı
2025-07-17 20:19:20,600 - INFO - Program normal şekilde sonlandırıldı
2025-07-17 20:21:03,084 - INFO - Program başlatıldı
2025-07-17 20:21:11,578 - INFO - İskonto raporu yüklendi: 709 satır
2025-07-17 20:21:11,588 - INFO - Header 0 test ediliyor
2025-07-17 20:21:11,597 - INFO - Header 1 test ediliyor
2025-07-17 20:21:11,606 - INFO - Header 2 test ediliyor
2025-07-17 20:21:11,606 - INFO - Header satırı 2 olarak belirlendi
2025-07-17 20:21:11,606 - INFO - Karlılık dosyası yüklendi: 89 satır
2025-07-17 20:21:11,608 - INFO - Veri temizleme tamamlandı
2025-07-17 20:21:11,619 - WARNING - Sayı dönüştürme hatası:  -> could not convert string to float: ''
2025-07-17 20:21:11,620 - WARNING - Sayı dönüştürme hatası:  -> could not convert string to float: ''
2025-07-17 20:21:11,620 - INFO - Birim Kar hesaplama tamamlandı
2025-07-17 20:21:11,621 - WARNING - Sayı dönüştürme hatası:  -> could not convert string to float: ''
2025-07-17 20:21:11,621 - INFO - Net Kar hesaplama tamamlandı
2025-07-17 20:21:11,622 - INFO - Eşleştirme tamamlandı: 0 eşleşen, 87 eşleşmeyen
2025-07-17 20:21:11,622 - INFO - Sıralama tamamlandı: Net Kar + Birim Kar
2025-07-17 20:21:15,982 - INFO - Sonuç dosyası kaydedildi: /home/ali/Desktop/BUPİLİÇ/2.xlsx
2025-07-17 20:21:18,430 - INFO - Bellek temizleme tamamlandı
2025-07-17 20:21:18,443 - INFO - Program normal şekilde sonlandırıldı
